2025-06-02 09:44:00,326 - pool_test - INFO - Starting Pipeline Survey and Docking Mission with Position Reset and Auto Resume
2025-06-02 09:44:00,327 - pool_test - INFO - Connecting to drone at 192.168.1.101
2025-06-02 09:44:00,327 - blueye.sdk.drone - INFO - Attempting to connect to drone at 192.168.1.101
2025-06-02 09:44:01,679 - blueye.sdk.drone - INFO - Connection successful, client id: 6
2025-06-02 09:44:01,680 - blueye.sdk.drone - INFO - Client id in control: 5
2025-06-02 09:44:01,680 - blueye.sdk.drone - INFO - There are 1 other clients connected
2025-06-02 09:44:01,680 - pool_test - INFO - Connected to drone: BYEDP220008
2025-06-02 09:44:01,681 - pool_test - INFO - Drone software version: 4.0.18-kirkstone-master
2025-06-02 09:44:01,681 - pool_test - INFO - Taking control of drone...
2025-06-02 09:44:01,699 - pool_test - INFO - Control of drone acquired
2025-06-02 09:44:01,699 - pool_test - INFO - Drone control client extended with reset_position functionality
2025-06-02 09:44:01,699 - pool_test - INFO - Getting current GPS position from /blueye/gps topic
2025-06-02 09:44:07,668 - pool_test - INFO - Mission aborted by user
2025-06-02 09:44:07,671 - pool_test - INFO - Disconnecting from drone
2025-06-02 09:44:07,681 - pool_test - INFO - Disconnected from drone
2025-06-02 09:45:28,181 - pool_test - INFO - Starting Pipeline Survey and Docking Mission with Position Reset and Auto Resume
2025-06-02 09:45:28,181 - pool_test - INFO - Connecting to drone at 192.168.1.101
2025-06-02 09:45:28,181 - blueye.sdk.drone - INFO - Attempting to connect to drone at 192.168.1.101
2025-06-02 09:45:35,668 - pool_test - INFO - Mission aborted by user
2025-06-02 09:45:46,145 - pool_test - INFO - Starting Pipeline Survey and Docking Mission with Position Reset and Auto Resume
2025-06-02 09:45:46,145 - pool_test - INFO - Connecting to drone at 192.168.1.101
2025-06-02 09:45:46,145 - blueye.sdk.drone - INFO - Attempting to connect to drone at 192.168.1.101
2025-06-02 09:45:47,156 - blueye.sdk.drone - INFO - Connection successful, client id: 11
2025-06-02 09:45:47,156 - blueye.sdk.drone - INFO - Client id in control: 9
2025-06-02 09:45:47,158 - blueye.sdk.drone - INFO - There are 2 other clients connected
2025-06-02 09:45:47,158 - pool_test - INFO - Connected to drone: BYEDP220008
2025-06-02 09:45:47,158 - pool_test - INFO - Drone software version: 4.0.18-kirkstone-master
2025-06-02 09:45:47,158 - pool_test - INFO - Taking control of drone...
2025-06-02 09:45:47,181 - pool_test - INFO - Control of drone acquired
2025-06-02 09:45:47,181 - pool_test - INFO - Drone control client extended with reset_position functionality
2025-06-02 09:45:47,181 - pool_test - INFO - Getting current GPS position from /blueye/gps topic
2025-06-02 09:45:47,315 - pool_test - INFO - Using current GPS position: 63.44152396735585, 10.348456638466574
2025-06-02 09:45:47,318 - pool_test - INFO - Position reset sent: lat=63.44152396735585, lon=10.348456638466574, heading=drone compass
2025-06-02 09:45:47,318 - pool_test - INFO - Position reset successful using current GPS and drone compass
2025-06-02 09:45:49,321 - pool_test - INFO - Creating pipeline survey
2025-06-02 09:45:49,322 - pool_test - INFO - Added waypoint: Pipeline Point 1 (63.4414001130402, 10.348227918148) at 0.0m depth
2025-06-02 09:45:49,322 - pool_test - INFO - Added waypoint: Pipeline Point 2 (63.4413996633213, 10.3483355417848) at 0.0m depth
2025-06-02 09:45:49,322 - pool_test - INFO - Added waypoint: Pipeline Point 3 (63.4414320430591, 10.3482845798135) at 0.0m depth
2025-06-02 09:45:49,323 - pool_test - INFO - Added docking waypoint: (63.4414548287786, 10.3482882678509) at 1.0m depth
2025-06-02 09:45:49,325 - pool_test - INFO - Mission saved to mission.json
2025-06-02 09:45:49,325 - pool_test - INFO - Clearing any previous missions
2025-06-02 09:45:50,327 - pool_test - INFO - Sending new mission: Pipeline Survey
2025-06-02 09:45:51,339 - pool_test - INFO - Starting mission execution
2025-06-02 09:45:51,340 - pool_test - INFO - Mission: MISSION_STATE_INACTIVE, Progress: 0/0 instructions, Time: 0s/35s, Depth: 0.1m
2025-06-02 09:45:53,343 - pool_test - INFO - Mission: MISSION_STATE_RUNNING, Progress: 0/9 instructions, Time: 0s/86s, Depth: 0.1m
2025-06-02 09:45:55,346 - pool_test - INFO - Mission: MISSION_STATE_RUNNING, Progress: 1/9 instructions, Time: 2s/52s, Depth: 0.1m
2025-06-02 09:45:57,349 - pool_test - INFO - Mission: MISSION_STATE_RUNNING, Progress: 1/9 instructions, Time: 4s/54s, Depth: 0.2m
2025-06-02 09:45:59,352 - pool_test - INFO - Mission: MISSION_STATE_RUNNING, Progress: 1/9 instructions, Time: 6s/56s, Depth: 0.4m
2025-06-02 09:46:01,355 - pool_test - INFO - Mission: MISSION_STATE_RUNNING, Progress: 1/9 instructions, Time: 8s/58s, Depth: 0.7m
2025-06-02 09:46:03,359 - pool_test - INFO - Mission: MISSION_STATE_RUNNING, Progress: 1/9 instructions, Time: 10s/60s, Depth: 0.9m
2025-06-02 09:46:05,362 - pool_test - INFO - Mission: MISSION_STATE_RUNNING, Progress: 1/9 instructions, Time: 12s/62s, Depth: 1.0m
2025-06-02 09:46:07,365 - pool_test - INFO - Mission: MISSION_STATE_RUNNING, Progress: 2/9 instructions, Time: 14s/95s, Depth: 1.0m
2025-06-02 09:46:09,368 - pool_test - INFO - Mission: MISSION_STATE_RUNNING, Progress: 2/9 instructions, Time: 16s/97s, Depth: 0.9m
2025-06-02 09:46:11,371 - pool_test - INFO - Mission: MISSION_STATE_RUNNING, Progress: 2/9 instructions, Time: 18s/99s, Depth: 0.9m
2025-06-02 09:46:13,374 - pool_test - INFO - Mission: MISSION_STATE_RUNNING, Progress: 2/9 instructions, Time: 20s/101s, Depth: 0.9m
2025-06-02 09:46:15,377 - pool_test - INFO - Mission: MISSION_STATE_RUNNING, Progress: 2/9 instructions, Time: 22s/102s, Depth: 0.9m
2025-06-02 09:46:17,380 - pool_test - INFO - Mission: MISSION_STATE_RUNNING, Progress: 2/9 instructions, Time: 25s/104s, Depth: 0.9m
2025-06-02 09:46:19,384 - pool_test - INFO - Mission: MISSION_STATE_RUNNING, Progress: 2/9 instructions, Time: 27s/105s, Depth: 0.9m
2025-06-02 09:46:21,387 - pool_test - INFO - Mission: MISSION_STATE_RUNNING, Progress: 2/9 instructions, Time: 29s/107s, Depth: 1.0m
2025-06-02 09:46:23,390 - pool_test - INFO - Mission: MISSION_STATE_RUNNING, Progress: 2/9 instructions, Time: 31s/108s, Depth: 1.0m
2025-06-02 09:46:25,393 - pool_test - INFO - Mission: MISSION_STATE_RUNNING, Progress: 2/9 instructions, Time: 33s/109s, Depth: 1.0m
2025-06-02 09:46:27,396 - pool_test - INFO - Mission: MISSION_STATE_RUNNING, Progress: 2/9 instructions, Time: 35s/111s, Depth: 1.0m
2025-06-02 09:46:29,399 - pool_test - INFO - Mission: MISSION_STATE_RUNNING, Progress: 2/9 instructions, Time: 37s/112s, Depth: 1.0m
2025-06-02 09:46:31,402 - pool_test - INFO - Mission: MISSION_STATE_RUNNING, Progress: 2/9 instructions, Time: 39s/114s, Depth: 1.0m
2025-06-02 09:46:33,406 - pool_test - INFO - Mission: MISSION_STATE_RUNNING, Progress: 2/9 instructions, Time: 41s/115s, Depth: 1.0m
2025-06-02 09:46:35,408 - pool_test - INFO - Mission: MISSION_STATE_RUNNING, Progress: 2/9 instructions, Time: 43s/116s, Depth: 1.0m
2025-06-02 09:46:37,411 - pool_test - INFO - Mission: MISSION_STATE_RUNNING, Progress: 2/9 instructions, Time: 45s/118s, Depth: 1.0m
2025-06-02 09:46:39,414 - pool_test - INFO - Mission: MISSION_STATE_RUNNING, Progress: 2/9 instructions, Time: 47s/119s, Depth: 1.0m
2025-06-02 09:46:41,417 - pool_test - INFO - Mission: MISSION_STATE_RUNNING, Progress: 2/9 instructions, Time: 49s/120s, Depth: 1.0m
2025-06-02 09:46:43,420 - pool_test - INFO - Mission: MISSION_STATE_RUNNING, Progress: 2/9 instructions, Time: 51s/122s, Depth: 1.0m
2025-06-02 09:46:45,423 - pool_test - INFO - Mission: MISSION_STATE_RUNNING, Progress: 2/9 instructions, Time: 53s/123s, Depth: 1.0m
2025-06-02 09:46:47,424 - pool_test - INFO - Mission: MISSION_STATE_RUNNING, Progress: 2/9 instructions, Time: 55s/124s, Depth: 1.0m
2025-06-02 09:46:49,427 - pool_test - INFO - Mission: MISSION_STATE_RUNNING, Progress: 2/9 instructions, Time: 57s/126s, Depth: 1.0m
2025-06-02 09:46:51,430 - pool_test - INFO - Mission: MISSION_STATE_RUNNING, Progress: 2/9 instructions, Time: 59s/127s, Depth: 1.0m
2025-06-02 09:46:53,433 - pool_test - INFO - Mission: MISSION_STATE_RUNNING, Progress: 2/9 instructions, Time: 61s/128s, Depth: 1.0m
2025-06-02 09:46:55,435 - pool_test - INFO - Mission: MISSION_STATE_RUNNING, Progress: 2/9 instructions, Time: 63s/130s, Depth: 1.0m
2025-06-02 09:46:57,438 - pool_test - INFO - Mission: MISSION_STATE_ABORTED, Progress: 2/9 instructions, Time: 64s/130s, Depth: 1.0m
2025-06-02 09:46:57,438 - pool_test - WARNING - Mission was aborted (attempt 1/6)
2025-06-02 09:46:57,438 - pool_test - INFO - Instantly resuming mission execution (attempt 2/6)
2025-06-02 09:46:57,439 - pool_test - INFO - Mission: MISSION_STATE_ABORTED, Progress: 2/9 instructions, Time: 64s/130s, Depth: 1.0m
2025-06-02 09:46:57,439 - pool_test - WARNING - Mission was aborted (attempt 2/6)
2025-06-02 09:46:57,439 - pool_test - INFO - Instantly resuming mission execution (attempt 3/6)
2025-06-02 09:46:57,440 - pool_test - INFO - Mission: MISSION_STATE_ABORTED, Progress: 2/9 instructions, Time: 64s/130s, Depth: 1.0m
2025-06-02 09:46:57,441 - pool_test - WARNING - Mission was aborted (attempt 3/6)
2025-06-02 09:46:57,441 - pool_test - INFO - Instantly resuming mission execution (attempt 4/6)
2025-06-02 09:46:57,441 - pool_test - INFO - Mission: MISSION_STATE_ABORTED, Progress: 2/9 instructions, Time: 64s/130s, Depth: 1.0m
2025-06-02 09:46:57,441 - pool_test - WARNING - Mission was aborted (attempt 4/6)
2025-06-02 09:46:57,441 - pool_test - INFO - Instantly resuming mission execution (attempt 5/6)
2025-06-02 09:46:57,442 - pool_test - INFO - Mission: MISSION_STATE_ABORTED, Progress: 2/9 instructions, Time: 64s/130s, Depth: 1.0m
2025-06-02 09:46:57,442 - pool_test - WARNING - Mission was aborted (attempt 5/6)
2025-06-02 09:46:57,442 - pool_test - INFO - Instantly resuming mission execution (attempt 6/6)
2025-06-02 09:46:57,442 - pool_test - INFO - Mission: MISSION_STATE_ABORTED, Progress: 2/9 instructions, Time: 64s/130s, Depth: 1.0m
2025-06-02 09:46:57,442 - pool_test - WARNING - Mission was aborted (attempt 6/6)
2025-06-02 09:46:57,443 - pool_test - WARNING - Maximum retry attempts (5) reached. Mission failed.
2025-06-02 09:46:57,443 - pool_test - INFO - Mission failed
2025-06-02 09:46:57,443 - pool_test - INFO - Disconnecting from drone
2025-06-02 09:46:57,451 - pool_test - INFO - Disconnected from drone
2025-06-02 10:22:12,676 - pool_test - INFO - Starting Pipeline Survey and Docking Mission with Position Reset and Auto Resume
2025-06-02 10:22:12,676 - pool_test - INFO - Connecting to drone at 192.168.1.101
2025-06-02 10:22:12,676 - blueye.sdk.drone - INFO - Attempting to connect to drone at 192.168.1.101
2025-06-02 10:22:13,656 - blueye.sdk.drone - INFO - Connection successful, client id: 38
2025-06-02 10:22:13,656 - blueye.sdk.drone - INFO - Client id in control: 36
2025-06-02 10:22:13,656 - blueye.sdk.drone - INFO - There are 2 other clients connected
2025-06-02 10:22:13,657 - pool_test - INFO - Connected to drone: BYEDP220008
2025-06-02 10:22:13,657 - pool_test - INFO - Drone software version: 4.0.18-kirkstone-master
2025-06-02 10:22:13,657 - pool_test - INFO - Taking control of drone...
2025-06-02 10:22:13,690 - pool_test - INFO - Control of drone acquired
2025-06-02 10:22:13,690 - pool_test - INFO - Drone control client extended with reset_position functionality
2025-06-02 10:22:13,690 - pool_test - INFO - Getting current GPS position from /blueye/gps topic
2025-06-02 10:22:13,690 - pool_test - INFO - Position reset sent: lat=None, lon=None, heading=drone compass
2025-06-02 10:22:13,690 - pool_test - INFO - Position reset successful using current GPS and drone compass
2025-06-02 10:22:15,693 - pool_test - INFO - Creating pipeline survey
2025-06-02 10:22:15,693 - pool_test - INFO - Added waypoint: Pipeline Point 1 (63.4414001130402, 10.348227918148) at 0.0m depth
2025-06-02 10:22:15,694 - pool_test - INFO - Added waypoint: Pipeline Point 2 (63.4413996633213, 10.3483355417848) at 0.0m depth
2025-06-02 10:22:15,694 - pool_test - INFO - Added waypoint: Pipeline Point 3 (63.4414320430591, 10.3482845798135) at 0.0m depth
2025-06-02 10:22:15,695 - pool_test - INFO - Added docking waypoint: (63.4414548287786, 10.3482882678509) at 1.0m depth
2025-06-02 10:22:15,698 - pool_test - INFO - Mission saved to mission.json
2025-06-02 10:22:15,698 - pool_test - INFO - Clearing any previous missions
2025-06-02 10:22:16,699 - pool_test - INFO - Sending new mission: Pipeline Survey
2025-06-02 10:22:17,711 - pool_test - INFO - Starting mission execution
2025-06-02 10:22:17,713 - pool_test - INFO - Mission: MISSION_STATE_READY, Progress: 0/9 instructions, Time: 0s/50s, Depth: 0.0m
2025-06-02 10:22:19,716 - pool_test - INFO - Mission: MISSION_STATE_RUNNING, Progress: 1/9 instructions, Time: 1s/51s, Depth: 0.0m
2025-06-02 10:22:21,718 - pool_test - INFO - Mission: MISSION_STATE_RUNNING, Progress: 1/9 instructions, Time: 3s/53s, Depth: 0.1m
2025-06-02 10:22:23,721 - pool_test - INFO - Mission: MISSION_STATE_RUNNING, Progress: 1/9 instructions, Time: 5s/55s, Depth: 0.2m
2025-06-02 10:22:25,724 - pool_test - INFO - Mission: MISSION_STATE_RUNNING, Progress: 1/9 instructions, Time: 7s/57s, Depth: 0.4m
2025-06-02 10:22:27,727 - pool_test - INFO - Mission: MISSION_STATE_RUNNING, Progress: 1/9 instructions, Time: 9s/59s, Depth: 0.6m
2025-06-02 10:22:29,730 - pool_test - INFO - Mission: MISSION_STATE_RUNNING, Progress: 1/9 instructions, Time: 11s/61s, Depth: 0.9m
2025-06-02 10:22:31,733 - pool_test - INFO - Mission: MISSION_STATE_RUNNING, Progress: 2/9 instructions, Time: 13s/11744913s, Depth: 1.0m
2025-06-02 10:22:33,736 - pool_test - INFO - Mission: MISSION_STATE_ABORTED, Progress: 2/9 instructions, Time: 13s/11744913s, Depth: 1.0m
2025-06-02 10:22:33,736 - pool_test - WARNING - Mission was aborted (attempt 1/6)
2025-06-02 10:22:33,737 - pool_test - INFO - Instantly resuming mission execution (attempt 2/6)
2025-06-02 10:22:33,737 - pool_test - INFO - Mission: MISSION_STATE_ABORTED, Progress: 2/9 instructions, Time: 13s/11744913s, Depth: 1.0m
2025-06-02 10:22:33,737 - pool_test - WARNING - Mission was aborted (attempt 2/6)
2025-06-02 10:22:33,737 - pool_test - INFO - Instantly resuming mission execution (attempt 3/6)
2025-06-02 10:22:33,738 - pool_test - INFO - Mission: MISSION_STATE_ABORTED, Progress: 2/9 instructions, Time: 13s/11744913s, Depth: 1.0m
2025-06-02 10:22:33,738 - pool_test - WARNING - Mission was aborted (attempt 3/6)
2025-06-02 10:22:33,738 - pool_test - INFO - Instantly resuming mission execution (attempt 4/6)
2025-06-02 10:22:33,739 - pool_test - INFO - Mission: MISSION_STATE_ABORTED, Progress: 2/9 instructions, Time: 13s/11744913s, Depth: 1.0m
2025-06-02 10:22:33,739 - pool_test - WARNING - Mission was aborted (attempt 4/6)
2025-06-02 10:22:33,739 - pool_test - INFO - Instantly resuming mission execution (attempt 5/6)
2025-06-02 10:22:33,740 - pool_test - INFO - Mission: MISSION_STATE_ABORTED, Progress: 2/9 instructions, Time: 13s/11744913s, Depth: 1.0m
2025-06-02 10:22:33,740 - pool_test - WARNING - Mission was aborted (attempt 5/6)
2025-06-02 10:22:33,740 - pool_test - INFO - Instantly resuming mission execution (attempt 6/6)
2025-06-02 10:22:33,741 - pool_test - INFO - Mission: MISSION_STATE_ABORTED, Progress: 2/9 instructions, Time: 13s/11744913s, Depth: 1.0m
2025-06-02 10:22:33,742 - pool_test - WARNING - Mission was aborted (attempt 6/6)
2025-06-02 10:22:33,742 - pool_test - WARNING - Maximum retry attempts (5) reached. Mission failed.
2025-06-02 10:22:33,742 - pool_test - INFO - Mission failed
2025-06-02 10:22:33,742 - pool_test - INFO - Disconnecting from drone
2025-06-02 10:22:33,751 - pool_test - INFO - Disconnected from drone
2025-06-02 10:28:06,633 - pool_test - INFO - Starting Pipeline Survey and Docking Mission with Position Reset and Auto Resume
2025-06-02 10:28:06,633 - pool_test - INFO - Connecting to drone at 192.168.1.101
2025-06-02 10:28:06,633 - blueye.sdk.drone - INFO - Attempting to connect to drone at 192.168.1.101
2025-06-02 10:28:07,599 - blueye.sdk.drone - INFO - Connection successful, client id: 40
2025-06-02 10:28:07,600 - blueye.sdk.drone - INFO - Client id in control: 39
2025-06-02 10:28:07,600 - blueye.sdk.drone - INFO - There are 1 other clients connected
2025-06-02 10:28:07,600 - pool_test - INFO - Connected to drone: BYEDP220008
2025-06-02 10:28:07,601 - pool_test - INFO - Drone software version: 4.0.18-kirkstone-master
2025-06-02 10:28:07,601 - pool_test - INFO - Taking control of drone...
2025-06-02 10:28:07,627 - pool_test - INFO - Control of drone acquired
2025-06-02 10:28:07,628 - pool_test - INFO - Drone control client extended with reset_position functionality
2025-06-02 10:28:07,628 - pool_test - INFO - Using hardcoded GPS position: 63.4414548287786, 10.3482882678509
2025-06-02 10:28:07,628 - pool_test - INFO - Position reset sent: lat=63.4414548287786, lon=10.3482882678509, heading=drone compass
2025-06-02 10:28:07,628 - pool_test - INFO - Position reset successful using current GPS and drone compass
2025-06-02 10:28:09,629 - pool_test - INFO - Creating pipeline survey
2025-06-02 10:28:09,630 - pool_test - INFO - Added waypoint: Pipeline Point 1 (63.4414001130402, 10.348227918148) at 0.0m depth
2025-06-02 10:28:09,631 - pool_test - INFO - Added waypoint: Pipeline Point 2 (63.4413996633213, 10.3483355417848) at 0.0m depth
2025-06-02 10:28:09,631 - pool_test - INFO - Added waypoint: Pipeline Point 3 (63.4414320430591, 10.3482845798135) at 0.0m depth
2025-06-02 10:28:09,631 - pool_test - INFO - Added docking waypoint: (63.4414548287786, 10.3482882678509) at 1.0m depth
2025-06-02 10:28:09,634 - pool_test - INFO - Mission saved to mission.json
2025-06-02 10:28:09,634 - pool_test - INFO - Clearing any previous missions
2025-06-02 10:28:10,635 - pool_test - INFO - Sending new mission: Pipeline Survey
2025-06-02 10:28:11,648 - pool_test - INFO - Starting mission execution
2025-06-02 10:28:11,649 - pool_test - INFO - Mission: MISSION_STATE_READY, Progress: 0/9 instructions, Time: 0s/50s, Depth: 0.0m
2025-06-02 10:28:13,651 - pool_test - INFO - Mission: MISSION_STATE_RUNNING, Progress: 1/9 instructions, Time: 1s/51s, Depth: 0.0m
2025-06-02 10:28:15,654 - pool_test - INFO - Mission: MISSION_STATE_RUNNING, Progress: 1/9 instructions, Time: 3s/53s, Depth: 0.1m
2025-06-02 10:28:17,656 - pool_test - INFO - Mission: MISSION_STATE_RUNNING, Progress: 1/9 instructions, Time: 5s/55s, Depth: 0.2m
2025-06-02 10:28:19,659 - pool_test - INFO - Mission: MISSION_STATE_RUNNING, Progress: 1/9 instructions, Time: 7s/57s, Depth: 0.4m
2025-06-02 10:28:21,662 - pool_test - INFO - Mission: MISSION_STATE_RUNNING, Progress: 1/9 instructions, Time: 9s/59s, Depth: 0.6m
2025-06-02 10:28:23,665 - pool_test - INFO - Mission: MISSION_STATE_RUNNING, Progress: 1/9 instructions, Time: 11s/61s, Depth: 0.9m
2025-06-02 10:28:25,667 - pool_test - INFO - Mission: MISSION_STATE_RUNNING, Progress: 2/9 instructions, Time: 13s/75s, Depth: 1.0m
2025-06-02 10:28:27,670 - pool_test - INFO - Mission: MISSION_STATE_RUNNING, Progress: 2/9 instructions, Time: 15s/77s, Depth: 1.0m
2025-06-02 10:28:29,672 - pool_test - INFO - Mission: MISSION_STATE_RUNNING, Progress: 2/9 instructions, Time: 17s/79s, Depth: 0.9m
2025-06-02 10:28:31,675 - pool_test - INFO - Mission: MISSION_STATE_RUNNING, Progress: 2/9 instructions, Time: 19s/81s, Depth: 0.9m
2025-06-02 10:28:33,677 - pool_test - INFO - Mission: MISSION_STATE_RUNNING, Progress: 2/9 instructions, Time: 21s/83s, Depth: 0.9m
2025-06-02 10:28:35,680 - pool_test - INFO - Mission: MISSION_STATE_RUNNING, Progress: 2/9 instructions, Time: 23s/84s, Depth: 0.9m
2025-06-02 10:28:37,683 - pool_test - INFO - Mission: MISSION_STATE_RUNNING, Progress: 2/9 instructions, Time: 25s/86s, Depth: 0.9m
2025-06-02 10:28:39,686 - pool_test - INFO - Mission: MISSION_STATE_RUNNING, Progress: 2/9 instructions, Time: 27s/87s, Depth: 0.9m
2025-06-02 10:28:41,689 - pool_test - INFO - Mission: MISSION_STATE_RUNNING, Progress: 2/9 instructions, Time: 29s/89s, Depth: 0.9m
2025-06-02 10:28:43,691 - pool_test - INFO - Mission: MISSION_STATE_RUNNING, Progress: 2/9 instructions, Time: 31s/90s, Depth: 0.9m
2025-06-02 10:28:45,693 - pool_test - INFO - Mission: MISSION_STATE_RUNNING, Progress: 2/9 instructions, Time: 33s/91s, Depth: 1.0m
2025-06-02 10:28:47,695 - pool_test - INFO - Mission: MISSION_STATE_RUNNING, Progress: 2/9 instructions, Time: 35s/93s, Depth: 1.0m
2025-06-02 10:28:49,698 - pool_test - INFO - Mission: MISSION_STATE_RUNNING, Progress: 2/9 instructions, Time: 37s/94s, Depth: 1.0m
2025-06-02 10:28:51,700 - pool_test - INFO - Mission: MISSION_STATE_RUNNING, Progress: 2/9 instructions, Time: 39s/95s, Depth: 1.0m
2025-06-02 10:28:53,702 - pool_test - INFO - Mission: MISSION_STATE_RUNNING, Progress: 2/9 instructions, Time: 41s/97s, Depth: 1.0m
2025-06-02 10:28:55,704 - pool_test - INFO - Mission: MISSION_STATE_RUNNING, Progress: 2/9 instructions, Time: 43s/98s, Depth: 1.0m
2025-06-02 10:28:57,706 - pool_test - INFO - Mission: MISSION_STATE_RUNNING, Progress: 2/9 instructions, Time: 45s/99s, Depth: 1.0m
2025-06-02 10:28:59,709 - pool_test - INFO - Mission: MISSION_STATE_RUNNING, Progress: 2/9 instructions, Time: 47s/101s, Depth: 1.0m
2025-06-02 10:29:01,711 - pool_test - INFO - Mission: MISSION_STATE_RUNNING, Progress: 2/9 instructions, Time: 49s/102s, Depth: 1.0m
2025-06-02 10:29:03,714 - pool_test - INFO - Mission: MISSION_STATE_RUNNING, Progress: 2/9 instructions, Time: 51s/103s, Depth: 1.0m
2025-06-02 10:29:05,717 - pool_test - INFO - Mission: MISSION_STATE_RUNNING, Progress: 2/9 instructions, Time: 53s/105s, Depth: 1.0m
2025-06-02 10:29:07,720 - pool_test - INFO - Mission: MISSION_STATE_RUNNING, Progress: 3/9 instructions, Time: 55s/105s, Depth: 1.0m
2025-06-02 10:29:09,723 - pool_test - INFO - Mission: MISSION_STATE_RUNNING, Progress: 3/9 instructions, Time: 56s/105s, Depth: 1.0m
2025-06-02 10:29:11,726 - pool_test - INFO - Mission: MISSION_STATE_RUNNING, Progress: 3/9 instructions, Time: 58s/105s, Depth: 1.0m
2025-06-02 10:29:13,728 - pool_test - INFO - Mission: MISSION_STATE_RUNNING, Progress: 3/9 instructions, Time: 61s/105s, Depth: 1.0m
2025-06-02 10:29:15,731 - pool_test - INFO - Mission: MISSION_STATE_RUNNING, Progress: 3/9 instructions, Time: 63s/105s, Depth: 1.0m
2025-06-02 10:29:17,734 - pool_test - INFO - Mission: MISSION_STATE_RUNNING, Progress: 4/9 instructions, Time: 65s/105s, Depth: 0.9m
2025-06-02 10:29:19,736 - pool_test - INFO - Mission: MISSION_STATE_RUNNING, Progress: 4/9 instructions, Time: 67s/107s, Depth: 0.9m
2025-06-02 10:29:21,738 - pool_test - INFO - Mission: MISSION_STATE_RUNNING, Progress: 4/9 instructions, Time: 69s/109s, Depth: 0.9m
2025-06-02 10:29:23,741 - pool_test - INFO - Mission: MISSION_STATE_RUNNING, Progress: 4/9 instructions, Time: 71s/111s, Depth: 0.9m
2025-06-02 10:29:25,743 - pool_test - INFO - Mission: MISSION_STATE_RUNNING, Progress: 4/9 instructions, Time: 73s/113s, Depth: 0.9m
2025-06-02 10:29:27,746 - pool_test - INFO - Mission: MISSION_STATE_RUNNING, Progress: 4/9 instructions, Time: 74s/113s, Depth: 0.9m
2025-06-02 10:29:29,749 - pool_test - INFO - Mission: MISSION_STATE_RUNNING, Progress: 4/9 instructions, Time: 76s/115s, Depth: 0.9m
2025-06-02 10:29:31,751 - pool_test - INFO - Mission: MISSION_STATE_RUNNING, Progress: 4/9 instructions, Time: 78s/116s, Depth: 1.0m
2025-06-02 10:29:33,754 - pool_test - INFO - Mission: MISSION_STATE_RUNNING, Progress: 4/9 instructions, Time: 80s/117s, Depth: 1.0m
2025-06-02 10:29:35,757 - pool_test - INFO - Mission: MISSION_STATE_RUNNING, Progress: 4/9 instructions, Time: 82s/119s, Depth: 1.0m
2025-06-02 10:29:37,759 - pool_test - INFO - Mission: MISSION_STATE_RUNNING, Progress: 4/9 instructions, Time: 84s/120s, Depth: 1.0m
2025-06-02 10:29:39,761 - pool_test - INFO - Mission: MISSION_STATE_RUNNING, Progress: 4/9 instructions, Time: 86s/122s, Depth: 1.0m
2025-06-02 10:29:41,764 - pool_test - INFO - Mission: MISSION_STATE_RUNNING, Progress: 4/9 instructions, Time: 88s/123s, Depth: 1.0m
2025-06-02 10:29:43,767 - pool_test - INFO - Mission: MISSION_STATE_RUNNING, Progress: 4/9 instructions, Time: 90s/124s, Depth: 1.0m
2025-06-02 10:29:45,768 - pool_test - INFO - Mission: MISSION_STATE_RUNNING, Progress: 4/9 instructions, Time: 92s/126s, Depth: 1.0m
2025-06-02 10:29:47,771 - pool_test - INFO - Mission: MISSION_STATE_RUNNING, Progress: 4/9 instructions, Time: 94s/127s, Depth: 1.0m
2025-06-02 10:29:49,774 - pool_test - INFO - Mission: MISSION_STATE_RUNNING, Progress: 4/9 instructions, Time: 96s/128s, Depth: 1.0m
2025-06-02 10:29:51,776 - pool_test - INFO - Mission: MISSION_STATE_RUNNING, Progress: 5/9 instructions, Time: 98s/130s, Depth: 1.0m
2025-06-02 10:29:53,780 - pool_test - INFO - Mission: MISSION_STATE_RUNNING, Progress: 5/9 instructions, Time: 100s/130s, Depth: 1.0m
2025-06-02 10:29:55,782 - pool_test - INFO - Mission: MISSION_STATE_RUNNING, Progress: 5/9 instructions, Time: 102s/130s, Depth: 1.0m
2025-06-02 10:29:57,785 - pool_test - INFO - Mission: MISSION_STATE_RUNNING, Progress: 5/9 instructions, Time: 104s/130s, Depth: 1.0m
2025-06-02 10:29:59,788 - pool_test - INFO - Mission: MISSION_STATE_RUNNING, Progress: 5/9 instructions, Time: 106s/130s, Depth: 1.0m
2025-06-02 10:30:01,790 - pool_test - INFO - Mission: MISSION_STATE_RUNNING, Progress: 5/9 instructions, Time: 108s/130s, Depth: 0.9m
2025-06-02 10:30:03,792 - pool_test - INFO - Mission: MISSION_STATE_RUNNING, Progress: 6/9 instructions, Time: 110s/131s, Depth: 0.9m
2025-06-02 10:30:05,795 - pool_test - INFO - Mission: MISSION_STATE_RUNNING, Progress: 6/9 instructions, Time: 112s/133s, Depth: 0.8m
2025-06-02 10:30:07,797 - pool_test - INFO - Mission: MISSION_STATE_RUNNING, Progress: 6/9 instructions, Time: 114s/135s, Depth: 0.8m
2025-06-02 10:30:09,800 - pool_test - INFO - Mission: MISSION_STATE_RUNNING, Progress: 6/9 instructions, Time: 116s/137s, Depth: 0.7m
2025-06-02 10:30:11,803 - pool_test - INFO - Mission: MISSION_STATE_RUNNING, Progress: 6/9 instructions, Time: 118s/138s, Depth: 0.6m
2025-06-02 10:30:13,804 - pool_test - INFO - Mission: MISSION_STATE_RUNNING, Progress: 6/9 instructions, Time: 120s/140s, Depth: 0.6m
2025-06-02 10:30:15,808 - pool_test - INFO - Mission: MISSION_STATE_RUNNING, Progress: 6/9 instructions, Time: 122s/141s, Depth: 0.6m
2025-06-02 10:30:17,809 - pool_test - INFO - Mission: MISSION_STATE_RUNNING, Progress: 6/9 instructions, Time: 124s/143s, Depth: 0.6m
2025-06-02 10:30:19,812 - pool_test - INFO - Mission: MISSION_STATE_RUNNING, Progress: 6/9 instructions, Time: 126s/144s, Depth: 0.6m
2025-06-02 10:30:21,815 - pool_test - INFO - Mission: MISSION_STATE_RUNNING, Progress: 6/9 instructions, Time: 128s/145s, Depth: 0.7m
2025-06-02 10:30:23,816 - pool_test - INFO - Mission: MISSION_STATE_RUNNING, Progress: 6/9 instructions, Time: 130s/147s, Depth: 0.7m
2025-06-02 10:30:25,819 - pool_test - INFO - Mission: MISSION_STATE_RUNNING, Progress: 6/9 instructions, Time: 132s/148s, Depth: 0.7m
2025-06-02 10:30:27,822 - pool_test - INFO - Mission: MISSION_STATE_RUNNING, Progress: 6/9 instructions, Time: 134s/150s, Depth: 0.7m
2025-06-02 10:30:29,825 - pool_test - INFO - Mission: MISSION_STATE_RUNNING, Progress: 6/9 instructions, Time: 136s/151s, Depth: 0.7m
2025-06-02 10:30:31,827 - pool_test - INFO - Mission: MISSION_STATE_RUNNING, Progress: 7/9 instructions, Time: 138s/152s, Depth: 0.8m
2025-06-02 10:30:33,830 - pool_test - INFO - Mission: MISSION_STATE_RUNNING, Progress: 7/9 instructions, Time: 140s/152s, Depth: 0.8m
2025-06-02 10:30:35,832 - pool_test - INFO - Mission: MISSION_STATE_RUNNING, Progress: 7/9 instructions, Time: 142s/152s, Depth: 0.9m
2025-06-02 10:30:37,834 - pool_test - INFO - Mission: MISSION_STATE_RUNNING, Progress: 7/9 instructions, Time: 144s/152s, Depth: 0.9m
2025-06-02 10:30:39,836 - pool_test - INFO - Mission: MISSION_STATE_RUNNING, Progress: 7/9 instructions, Time: 146s/152s, Depth: 0.9m
2025-06-02 10:30:41,838 - pool_test - INFO - Mission: MISSION_STATE_RUNNING, Progress: 7/9 instructions, Time: 148s/152s, Depth: 0.9m
2025-06-02 10:30:43,840 - pool_test - INFO - Mission: MISSION_STATE_RUNNING, Progress: 8/9 instructions, Time: 150s/154s, Depth: 0.8m
2025-06-02 10:30:45,842 - pool_test - INFO - Mission: MISSION_STATE_RUNNING, Progress: 8/9 instructions, Time: 153s/157s, Depth: 0.7m
2025-06-02 10:30:47,845 - pool_test - INFO - Mission: MISSION_STATE_RUNNING, Progress: 8/9 instructions, Time: 155s/159s, Depth: 0.7m
2025-06-02 10:30:49,847 - pool_test - INFO - Mission: MISSION_STATE_RUNNING, Progress: 8/9 instructions, Time: 157s/160s, Depth: 0.8m
2025-06-02 10:30:51,850 - pool_test - INFO - Mission: MISSION_STATE_RUNNING, Progress: 8/9 instructions, Time: 159s/161s, Depth: 0.8m
2025-06-02 10:30:53,853 - pool_test - INFO - Mission: MISSION_STATE_RUNNING, Progress: 8/9 instructions, Time: 161s/161s, Depth: 0.9m
2025-06-02 10:30:55,856 - pool_test - INFO - Mission: MISSION_STATE_COMPLETED, Progress: 9/9 instructions, Time: 161s/161s, Depth: 0.8m
2025-06-02 10:30:55,857 - pool_test - INFO - Mission completed successfully
2025-06-02 10:30:55,857 - pool_test - INFO - Mission completed successfully
2025-06-02 10:30:55,857 - pool_test - INFO - Disconnecting from drone
2025-06-02 10:30:55,871 - pool_test - INFO - Disconnected from drone
